[   0.000000] Initializing cgroup subsys cpuset
[    0.000000] Initializing cgroup subsys cpu
[    0.000000] Initializing cgroup subsys cpuacct
[    0.000000] Linux version 4.4.0-130-generic (buildd@lgw01-amd64-039) (gcc version 5.4.0 20160609 (Ubuntu 5.4.0-6ubuntu1~16.04.9) ) #156-Ubuntu SMP Thuuun 14 08:53:28 UTC 2018 (Ubuntu 4.4.0-130.156-generic 4.4.134)
[    0.000000] Command line: BOOT_IAGE=boot/vmlinuz-4.4.0-130-generic root=LABEL=cloudimg-rootfs ro console=tty1 console=ttyS0
[    0.000000] KERNEL supported cpus:
[    0.000000]   Intel GeineInte
   0000000]   AMD AuthenticAMD
[    0.000000]   Centau CnturHaus[   0.0000]x8/fpu: xstat_ofst[2]:  576, xstat_sizes[2]:  256
[   .00000] x86/fpu: Supporting XSAVE feature 0x01: 'x87 foaing point registers'
[    0.000000] x86/fpu: Supporting XSAVE feature 0x02: 'SSE registers'
[    0.000000] x86/fpu: Spprtting XSAVE feature 0x04: 'AVX registers'
[    0.000000] x86/fpu: Enabled xstate features 0x7, context size is 832 bytes, using 'standard' format.
[    0.00000] x86/fpu: Using 'eager' FPU context switches.
[   0.00000] e820: BOSprvied physialRA mp:
[   0.000000] BIOS-e820: [mem 0x0000000000000000-0x000000000009fbff] usable
[    0.000000] BIOS-e820: [mem 0x000000000009fc0-0x00000000009ffff] reserved
[    0.000000] BIOS-e820: [mem 0x00000000000f0000-0x00000000000fffff] reserved
[    0.000000] BIOS-e820: [mem 0x0000000000100000-0x000000007ffeffff] usable
[    0.000000] BIOS-e820: [mem 0x000000007fff0000-0x000000007fffffff] ACPI data
[    0.000000] BIOS-e820: [mem 0x00000000fec00000-0x00000000fec00fff] reserved
[    0.000000] BIOS-e820: [mem 0x00000000fee00000-0x00000000fee00fff] reserved
[    0.000000] BIOS-e820: [mem x00000000fffc0000-0x00000000ffffffff] reserved
[    00000]NX (EecteDisabl) protcton: active
[   .000000] SMBOS2. pesent.
[    0.000000] Hypervisor detected: KVM
[   0.000000] e820: last_pfn = 0x7fff0 ma_achpfn = 0400000000
[   .000000] TRR: Disabled
[    0.000000] x86/PAT: MTRRs disabled, skipping PAT initialization too.
[    0.000000] CPU MTRRs all blank - virtualized system.
[    0.000000] x86/PAT: Configuration [0-7]: WB  WT  UC- UC  WB  WT  UC- UC  
[   .000000] foun SP MP-table at [mem 0x0009fff0-0x0009ffff] mapped at [ffff800000ff0]
[   .00000] canig 1 areas for low memory corruption
[   .0000] RAMDISK: [mem 0x36aa4000-0x37549fff]
[    0.000000] ACPI: Early table checksum verification disabled
[   .00000] ACPI: RSD 0000000000E0000 000024 (v02 VBOX  )
[   .000000] ACPI XSDT 0x000000007FFF0030 00003 (01VBOX   VBOXXSDT 00000001 ASL  00000061)
[    0.000000] ACPI: FACP 0x000000007FFF00F0 0000F4 (v04 VBOX   VBOXFACP 00000001 ASL  00000061)[   .000000] ACPI: DSDT 0x000000007FFF0470 0021FF (v0 VOX   VBXBIOS 00000002 INTL 20100528)
[    0.000000] ACPI: FACS 0x000000007FFF0000004
[    0.000000] ACPI: FACS 0x000000007FFF0200 000040
[   0.000000] ACPI: APIC 000000007FFF0240 00005C (v02 VBOX   VBOXAPIC 00000001 ASL  00000061)
[    0.000000] ACPI: SSDT 0x000000007FFF02A0 0001CC (v01 VBOX   VBOXCPUT 00000002 INTL 20100528)
[    0.000000] No NUMA configuration found
[    0.000000] Faking a node at [mem 0x0000000000000000-0x000000007ffeffff]
[    0.000000] NODE_DATA(0) allocated [mem 0x7ffeb000-0x7ffeffff]
[    0.000000] kvm-clock: Using msrs 4b564d01 and 4b564d00
[    0.000000] kvm-clock: cpu 0, msr 0:7ffe3001, primary cpu clock
[    0.000000] kvm-clock: uing sched offset of 3739967971 cycles
[    0.000000] clocksource: kvm-clock: mask: 0xffffffffffffffff max_cycles: 0x1cd42e4dffb, max_idle_ns: 881590591483 ns
[    0.000000] Zone ranges:
[    0.000000]   DMA      [mem 0x0000000000001000-0x0000000000ffffff][  000000]   DMA32    [mem 0x0000000001000000-0x000000007ffeffff]
[   .000000]   Normal   empty
[   .000000]   Device   empty
[    0.000000] Movable zone start for each node
[    0.000000] Early memory node ranges
[    0.000000]   node   0: [mem 0x0000000000001000-0x00000000009efff
   0.000000]   node   0: [mem 0x0000000000100000-0x000000007ffeffff]
[    0.000000] Initmem setup node 0 [mem 0x0000000000001000-0x00000007fefff]
[    0.00000]ACI:PM-Timer IO Port: 0x4008
[   .0000] IOAPIC[0]: apic_id 2, version 32, address 0xfec00000, GSI 0-23
[    0.000000] ACPI: INT_SRC_OVR (bus bs_rq 0 global_irq 2 dfl dl)
[    .0000] ACPI: INT_SRC_OVR (bus 0 bus_irq 9 global_irq 9 low level)
[   .000000 Uing ACPI (MADT) for SMP configuration information
[   0.0000] mpboot: Allowing 2 CPUs, 0 hotplug CPUs
[   .00000] PM: Registerednosavemeory: [mem0x0000000-0x00000fff]
  0.000000 PM: Registered nosave memory: [mem  0x000f00-x009ffff]
[    0.000000] PM: Registere nsae emory: [mem 0x000a0000-0x000effff]
[     0.00000] PM: Registered nosave memory: [mem 0x000000-x000fffff]
    0.000000] e820: [me 080000000xfebfffff] available for PCI devices
[    0.000000] Booting paravirtualized kernel on KVM
[    0.000000] clocksource: refined-jiffies: mask: 0xffffffff x_cycles: 0xffffffff, max_idle_ns: 7645519600211568 ns
[    0.000000] setup_percpu: NR_CPUS:512 nr_cpmask_bits:512 nrcpu_ids2 r_ode_ids:1
[    0.000000] PERCPU: Embedded 34 pages/cpu @ffff88007fc00000 s99544 r8192 d31528u14876
[   .00000] PV qspinlock hash table entries: 256 (order: 0, 4096 bytes)
[    0.000000] Built 1 zonelists in Node order, mobility grouping on.  Total pages: 515960
[    0.000000] Policy zone: DMA32
[    0.000000] Kernel command line: BOOT_IMAGE=/boot/vmlinuz-4.4.0-130-generic root=LABEL=cloudimg-rootfs ro console=tty1 console=ttyS0
[    0.000000] PID hash table entries: 4096 (order: 3, 32768 bytes)
[    0.000000] Memy: 2033804K/2096696K available (8546K kernel code, 1313K rwdata, 4000K rodata, 1516K init, 1316K bss, 62892K reserved, 0K cma-reserved)
[    0.000000] SLUB: HWalign=64, Order=0-3, MinObjects=0, CPUs=2, Nodes=1
[    0.000000] Kernel/User page tables isation: enabled
[    0.000000] Hierarchical RCU implementation.
[    0.000000] 	Build-time adjustment of leaf fanout to 64.
[    0.000000] 	RCU restricting CPUs from NR_CPUS=512 to nr_cpu_ids=2.
[    0.000000] RCU: Adjusting geometry for ru_fanout_leaf=64, nr_cpu_ids=2
[    0.0000]NR_IRQS:3302 nrr_ir:40 6
[    .000000] Console: colour VGA+ 80x25[    0.0000] onole [ty1 eabled
[   0.000000] console [ttyS0] enabled
[   0.00000] tsc: Dtected 2699.998 MHz processor
[    3.806814] Calibrating delay loop (skipped) preset value.. 5399.99 BogoMIPS (lpj=10799992)
[    3.834464] pid_max: default: 32768 minimum: 301
[    3.836081] ACPI: Core revision 20150930
[    3.846334] ACPI: 2 ACPI AML tables successfully acquired and loaded
[    3.857893] Security Framework initialized
[    3.871286] Yama: becoming mindful.
[    3.888996] AppArmor: AppArmor initialized
[    3.895648] Dentry cache hash table entries: 262144 (order: 9, 2097152 bytes)
[    3.929855] Inode-cache hash table entries: 131072 (order: 8, 1048576 bytes)
[    3.951360] Mount-cache hash table entries: 4096 (order: 3, 32768 bytes)
[    3.978664] Mountpoint-cache hash table entries: 4096 (order: 3, 32768 bytes)
[    4.015829] Initializing cgroup subsys io
[    4.025153] Initializing cgroup subsys memory
[    4.031328] Initializing cgroup subsys devices
[    4.077657] Initializing cgroup subsys freezer
[    4.081123] Initializing cgroup subsys net_cls
[    4.102134] Initializing cgroup subsys perf_event
[    4.133086] Initializing cgroup subsys net_prio
[    4.169135] Initializing cgroup subsys hugetlb
[    4.185021] Initializing cgroup subsys pids
[    4.209406] CPU: Physical Processor ID: 0
[    4.225462] CPU: Processor Core ID: 0
[    4.230627] mce: CPU supports 0 MCE banks
[    4.241345] Last level iTLB entries: 4KB 64, 2MB 8, 4MB 8
[    4.254616] Last level dTLB entries: 4KB 64, 2MB 0, 4MB 0, 1GB 4
[    4.257158] Spectre V2 : Mitigation: Full generic retpoline
[    4.264812] Spectre V2 : Speculation control IBPB not-supported IBRS not-supported
[    4.271825] Speculative Store Bypass: Vulnerable
[    4.285649] Freeing SMP alternatives memory: 32K
[    4.317377] ftrace: allocating 32245 entries in 126 pages
[    4.378158] smpboot: APIC(0) Converting physical 0 to logical package 0
[    4.391971] smpboot: Max logical packages: 1
[    4.414127] x2apic enabled
[    4.418746] Switched APIC routing to physical x2apic.
[    4.427411] ..TIMER: vector=0x30 apic1=0 pin1=2 apic2=-1 pin2=-1
[    4.541153] smpboot: CPU0: Intel(R) Core(TM) i5-5257U CPU @ 2.70GHz (family: 0x6, model: 0x3d, stepping: 0x4)
[    4.551450] Performance Events: unsupported p6 CPU model 61 no PMU driver, software events only.
[    4.553852] KVM setup paravirtual spinlock
[    4.557324] x86: Booting SMP configuration:
[    4.558810] .... node  #0, CPUs:      #1
[    4.579009] kvm-clock: cpu 1, msr 0:7ffe3041, secondary cpu clock
[    4.590044] mce: CPU supports 0 MCE banks
[    4.599623] x86: Booted up 1 node, 2 CPUs
[    4.605470] smpboot: Total of 2 processors activated (10799.99 BogoMIPS)
[    4.614548] devtmpfs: initialized
[    4.620181] evm: security.selinux
[    4.622546] evm: security.SMACK64
[    4.628509] evm: security.SMACK64EXEC
[    4.630822] evm: security.SMACK64TRANSMUTE
[    4.641972] evm: security.SMACK64MMAP
[    4.646786] evm: security.ima
[    4.649017] evm: security.capability
[    4.651742] clocksource: jiffies: mask: 0xffffffff max_cycles: 0xffffffff, max_idle_ns: 7645041785100000 ns
[    4.659525] futex hash table entries: 512 (order: 3, 32768 bytes)
[    4.673173] pinctrl core: initialized pinctrl subsystem
[    4.679247] RTC time: 11:46:25, date: 08/06/18
[    4.685500] NET: Registered protocol family 16
[    4.702059] cpuidle: using governor ladder
[    4.725928] cpuidle: using governor menu
[    4.738616] PCCT header not found.
[    4.741616] ACPI: bus type PCI registered
[    4.748743] acpiphp: ACPI Hot Plug PCI Controller Driver version: 0.5
[    4.758660] PCI: Using configuration type 1 for base access
[    4.791654] ACPI: Added _OSI(Module Device)
[    4.802317] ACPI: Added _OSI(Processor Device)
[    4.815023] ACPI: Added _OSI(3.0 _SCP Extensions)
[    4.822209] ACPI: Added _OSI(Processor Aggregator Device)
[    4.835191] ACPI: Executed 1 blocks of module-level executable AML code
[    4.856406] ACPI: Interpreter enabled
[    4.861574] ACPI: (supports S0 S5)
[    4.866825] ACPI: Using IOAPIC for interrupt routing
[    4.873358] PCI: Using host bridge windows from ACPI; if necessary, use "pci=nocrs" and report a bug
[    4.894561] ACPI: PCI Root Bridge [PCI0] (domain 0000 [bus 00-ff])
[    4.903259] acpi PNP0A03:00: _OSC: OS supports [ASPM ClockPM Segments MSI]
[    4.917598] acpi PNP0A03:00: _OSC: not requesting OS control; OS requires [ExtendedConfig ASPM ClockPM MSI]
[    4.931618] acpi PNP0A03:00: fail to add MMCONFIG information, can't access extended PCI configuration space under this bridge.
[    4.954529] PCI host bridge to bus 0000:00
[    4.970896] pci_bus 0000:00: root bus resource [io  0x0000-0x0cf7 window]
[    4.980329] pci_bus 0000:00: root bus resource [io  0x0d00-0xffff window]
[    4.983265] pci_bus 0000:00: root bus resource [mem 0x000a0000-0x000bffff window]
[    4.999305] pci_bus 0000:00: root bus resource [mem 0x80000000-0xfdffffff window]
[    5.013891] pci_bus 0000:00: root bus resource [bus 00-ff]
[    5.020716] pci 0000:00:01.1: legacy IDE quirk: reg 0x10: [io  0x01f0-0x01f7]
[    5.040879] pci 0000:00:01.1: legacy IDE quirk: reg 0x14: [io  0x03f6]
[    5.044262] pci 0000:00:01.1: legacy IDE quirk: reg 0x18: [io  0x0170-0x0177]
[    5.055254] pci 0000:00:01.1: legacy IDE quirk: reg 0x1c: [io  0x0376]
[    5.099655] pci 0000:00:07.0: quirk: [io  0x4000-0x403f] claimed by PIIX4 ACPI
[    5.103116] pci 0000:00:07.0: quirk: [io  0x4100-0x410f] claimed by PIIX4 SMB
[    5.130228] ACPI: PCI Interrupt Link [LNKA] (IRQs 5 9 10 *11)
[    5.149504] ACPI: PCI Interrupt Link [LNKB] (IRQs 5 9 *10 11)
[    5.163222] ACPI: PCI Interrupt Link [LNKC] (IRQs 5 *9 10 11)
[    5.178716] ACPI: PCI Interrupt Link [LNKD] (IRQs 5 9 10 *11)
[    5.198694] ACPI: Enabled 2 GPEs in block 00 to 07
[    5.207762] vgaarb: setting as boot device: PCI:0000:00:02.0
[    5.210957] vgaarb: device added: PCI:0000:00:02.0,decodes=io+mem,owns=io+mem,locks=none
[    5.213084] vgaarb: loaded
[    5.214016] vgaarb: bridge control possible 0000:00:02.0
[    5.215663] SCSI subsystem initialized
[    5.218197] ACPI: bus type USB registered
[    5.219290] usbcore: registered new interface driver usbfs
[    5.220862] usbcore: registered new interface driver hub
[    5.222689] usbcore: registered new device driver usb
[    5.224343] PCI: Using ACPI for IRQ routing
[    5.225892] NetLabel: Initializing
[    5.226845] NetLabel:  domain hash size = 128
[    5.228056] NetLabel:  protocols = UNLABELED CIPSOv4
[    5.229432] NetLabel:  unlabeled traffic allowed by default
[    5.231077] amd_nb: Cannot enumerate AMD northbridges
[    5.232427] clocksource: Switched to clocksource kvm-clock
[    5.243361] AppArmor: AppArmor Filesystem Enabled
[    5.246074] p: nP ACI it
[    5.421162] pnp: PnP ACPI: found 3 devices
[    5.445545] ocksource: acpi_pm: mask: 0xffffff max_cycles: 0xffffff, max_idle_ns: 2085701024 ns
[    5.500942] NET: Registered protocol family 2

[    5.502798] TCP established hash table entries: 16384 (order: 5, 131072 bytes)
[    5.505473] TCP bind hash table entries: 16384 (order: 6, 262144 bytes)
[    5.508061] TCP: Hash tabescofigured (established 16384 bind 16384)
[   .5954]UD hshtable entries: 1024 (ode: , 278 yts)
[   .9920]UD-Ltehah abe nties: 1024 (order: 3, 32768 bytes)
[    6.252640] NET: Registered protocol family 1
[   .254148] pci 0000:00:00.0: Limiting direct PCI/PCI transfers
[    6.301736] pci 0000:00:01.0: Activating ISA DMA hang workarounds
[    6.303407] Unpacking initramfs...

[    8.067959] Freeing initrd memory: 10904K
[   8.0096] RAPL PMU detctd,API uit is 2^-32 Joules, 4 fixed counters 10371840msovl timr[    8.436910] hw unit of domain pp0-core 2^-0 Joules

[    8.464705] hw unit of domain package 2^-0 Joules
[    8.472123] hw unit of domain dram 2^-0 Joules
[    8.477984] hw unit of domain pp1-gpu 2^-0 Joules
[    8.480130] platform rtc_cmos: registered platform RTC device (no PNP device found)
[    8.505669] Scanning for low memory corruption every 60 seconds
[    8.509719] audit: initializing netlink subsys (disabled)
[    8.511775] audit: type=2000 audit(1533555990.274:1): initialized
[    8.525494] Initialise system trusted keyring
[    8.538339] HugeTLB registered 2 MB page size, pre-allocated 0 pages
[    8.546142] zbud: loaded
[    8.558587] VFS: Disk quotas dquot_6.6.0
[    8.576536] VFS: Dquot-cache hash table entries: 512 (order 0, 4096 bytes)
[    8.579949] squashfs: version 4.0 (2009/01/31) Phillip Lougher
[    8.592338] fuse init (API version 7.23)
[    8.621414] Key type big_key registered
[    8.628668] Allocating IMA MOK and blacklist keyrings.
[    8.645248] Key type asymmetric registered
[    8.646760] Asymmetric key parser 'x509' registered
[    8.648312] Block layer SCSI generic (bsg) driver version 0.4 loaded (major 249)
[    8.664589] io scheduler noop registered
[    8.666162] io scheduler deadline registered (default)
[    8.683135] io scheduler cfq registered
[    8.684717] pci_hotplug: PCI Hot Plug PCI Core version: 0.5
[    8.688682] pciehp: PCI Express Hot Plug Controller Driver version: 0.4
[    8.711712] ACPI: AC Adapter [AC] (on-line)
[    8.714295] input: Power Button as /devices/LNXSYSTM:00/LNXPWRBN:00/input/input0
[    8.718298] ACPI: Power Button [PWRF]
[    8.719911] input: Sleep Button as /devices/LNXSYSTM:00/LNXSLPBN:00/input/input1
[    8.723669] ACPI: Sleep Button [SLPF]
[    8.726774] ACPI: Battery Slot [BAT0] (battery present)
[    8.728735] GHES: HEST is not enabled!
[    8.730264] Serial: 8250/16550 driver, 32 ports, IRQ sharing enabled
[    8.758743] 00:02: ttyS0 at I/O 0x3f8 (irq = 4, base_baud = 115200) is a 16550A
[    8.766146] Linux agpgart interface v0.103
[    8.772246] loop: module loaded
[    8.781171] scsi host0: ata_piix
[    8.789226] scsi host1: ata_piix
[    8.792045] ata1: PATA max UDMA/33 cmd 0x1f0 ctl 0x3f6 bmdma 0xd000 irq 14
[    8.797090] ata2: PATA max UDMA/33 cmd 0x170 ctl 0x376 bmdma 0xd008 irq 15
[    8.804468] libphy: Fixed MDIO Bus: probed
[    8.808363] tun: Universal TUN/TAP device driver, 1.6
[    8.813695] tun: (C) 1999-2004 Max Krasnyansky <maxk@qualcomm.com>
[    8.821168] PPP generic driver version 2.4.2
[    8.838424] ehci_hcd: USB 2.0 'Enhanced' Host Controller (EHCI) Driver
[    8.864454] ehci-pci: EHCI PCI platform driver
[    8.868013] ehci-platform: EHCI generic platform driver
[    8.885263] ohci_hcd: USB 1.1 'Open' Host Controller (OHCI) Driver
[    8.907767] ohci-pci: OHCI PCI platform driver
[    8.910632] ohci-platform: OHCI generic platform driver
[    8.950181] uhci_hcd: USB Universal Host Controller Interface driver
[    8.967036] i8042: PNP: PS/2 Controller [PNP0303:PS2K,PNP0f03:PS2M] at 0x60,0x64 irq 1,12
[    9.006741] serio: i8042 KBD port at 0x60,0x64 irq 1
[    9.018505] serio: i8042 AUX port at 0x60,0x64 irq 12
[    9.028416] mousedev: PS/2 mouse device common for all mice
[    9.033251] rtc_cmos rtc_cmos: rtc core: registered rtc_cmos as rtc0
[    9.038332] input: AT Translated Set 2 keyboard as /devices/platform/i8042/serio0/input/input2
[    9.063749] rtc_cmos rtc_cmos: alarms up to one day, 114 bytes nvram
[    9.079927] i2c /dev entries driver
[    9.082751] device-mapper: uevent: version 1.0.3
[    9.088703] device-mapper: ioctl: 4.34.0-ioctl (2015-10-28) initialised: dm-devel@redhat.com
[    9.116532] ledtrig-cpu: registered to indicate activity on CPUs
[    9.132529] NET: Registered protocol family 10
[    9.138659] NET: Registered protocol family 17
[    9.140291] Key type dns_resolver registered
[    9.154501] registered taskstats version 1
[    9.166759] Loading compiled-in X.509 certificates
[    9.171029] Loaded X.509 cert 'Build time autogenerated kernl ey b3e0e4cd37c3a20a648abbc1fa5043a22'
[    9.427325] zswap: loaded using pool lzo/zbud
[    9.430859] Key type trusted registered
[    9.437388] Key type encrypted registered
[    9.445930] AppArmor: AppArmor sha1 policy hashing enabled
[    9.466583] ima: No TPM chip found, activating TPM-bypass!
[    9.497707] ima: Allocated hash algorithm: sha1
[    9.500947] tsc: Refined TSC clocksource calibration: 2700.864 MHz
[    9.500949] clocksource: tsc: mask: 0xffffffffffffffff max_cycles: 0x26ee6ea3208, max_idle_ns: 440795282576 ns
[    9.525834] evm: HMAC attrs: 0x1
[    9.540905]   Magic number: 14:862:781
[    9.553636] rtc_cmos rtc_cmos: setting system clock to 2018-08-06 11:46:30 UTC (1533555990)
[    9.590531] BIOS EDD facility v0.16 2004-Jun-25, 0 devices found
[   9.600396] EDD information not available.
 [    9.626562] Freeing unused kernel memory: 1516K
[   10.268500] Write protecting the kernel read-only data: 14336k
[   10.278676] Freeing unused kernel memory: 1680K
[   10.282954] Freeing unused kernel memory: 96K
Loading, please wait...
starting version 229
[   10.299229] random: systemd-udevd: uninitialized urandom read (16 bytes read, 7 bits of entropy available)
[   10.299319] random: udevadm: uninitialized urandom read (16 bytes read, 7 bits of entropy available)
[   10.299336] random: udevadm: uninitialized urandom read (16 bytes read, 7 bits of entropy available)
[   10.307222] random: udevadm: uninitialized urandom read (16 bytes read, 7 bits of entropy available)
[   10.307262] random: udevadm: uninitialized urandom read (16 bytes read, 7 bits of entropy available)
[   10.307380] random: udevadm: uninitialized urandom read (16 bytes read, 7 bits of entropy available)
[   10.307423] random: udevadm: uninitialized urandom read (16 bytes read, 7 bits of entropy available)
[   10.307466] random: udevadm: uninitialized urandom read (16 bytes read, 7 bits of entropy available)
[   10.307509] random: udevadm: uninitialized urandom read (16 bytes read, 7 bits of entropy available)
[   10.307550] random: udevadm: uninitialized urandom read (16 bytes read, 7 bits of entropy available)
[   10.465843] e1000: Intel(R) PRO/1000 Network Driver - version 7.3.21-k8-NAPI
[   10.473987] e1000: Copyright (c) 1999-2006 Intel Corporation.
[   10.478206] Fusion MPT base driver 3.04.20
[   10.479718] Copyright (c) 1999-2008 LSI Corporation
[   10.487266] Fusion MPT SPI Host driver 3.04.20
[   10.497278] AVX2 version of gcm_enc/dec engaged.
[   10.498963] AES CTR mode by8 optimization enabled
[   10.689359] input: ImExPS/2 Generic Explorer Mouse as /devices/platform/i8042/serio1/input/input4
[   10.887032] e1000 0000:00:03.0 eth0: (PCI:33MHz:32-bit) 02:2e:d6:ba:66:f8
[   10.893360] e1000 0000:00:03.0 eth0: Intel(R) PRO/1000 Network Connection
[   10.911756] mptbase: ioc0: Initiating bringup
[   11.486187] ioc0: LSI53C1030 A0: Capabilities={Initiator}
[   12.500736] scsi host2: ioc0: LSI53C1030 A0, FwRev=00000000h, Ports=1, MaxQ=256, IRQ=20
[   13.257293] scsi 2:0:0:0: Direct-Access     VBOX     HARDDISK         1.0  PQ: 0 ANSI: 5
[   13.269844] scsi target2:0:0: Beginning Domain Validation
[   13.280078] scsi target2:0:0: Domain Validation skipping write tests
[   13.303932] scsi target2:0:0: Ending Domain Validation
[   13.310654] scsi target2:0:0: asynchronous
[   13.333002] scsi 2:0:1:0: Direct-Access     VBOX     HARDDISK         1.0  PQ: 0 ANSI: 5
[   13.341510] scsi target2:0:1: Beginning Domain Validation
[   13.344936] scsi target2:0:1: Domain Validation skipping write tests
[   13.353006] scsi target2:0:1: Ending Domain Validation
[   13.354884] scsi target2:0:1: asynchronous
[   13.375052] sd 2:0:0:0: Attached scsi generic sg0 type 0
[   13.377643] sd 2:0:0:0: [sda] 20971520 512-byte logical blocks: (10.7 GB/10.0 GiB)
[   13.387719] sd 2:0:1:0: Attached scsi generic sg1 type 0
[   13.390611] sd 2:0:1:0: [sdb] 20480 512-byte logical blocks: (10.5 MB/10.0 MiB)
[   13.395314] sd 2:0:0:0: [sda] Write Protect is off
[   13.411098] sd 2:0:1:0: [sdb] Write Protect is off
[   13.425341] sd 2:0:0:0: [sda] Incomplete mode parameter data
[   13.433327] sd 2:0:0:0: [sda] Assuming drive cache: write through
[   13.440921] sd 2:0:1:0: [sdb] Incomplete mode parameter data
[   13.444060] sd 2:0:1:0: [sdb] Assuming drive cache: write through
[   13.467798]  sda: sda1
[   13.471443] sd 2:0:0:0: [sda] Attached SCSI disk
[   13.489346] sd 2:0:1:0: [sdb] Attached SCSI disk
[   13.709889] e1000 0000:00:08.0 eth1: (PCI:33MHz:32-bit) 08:00:27:8f:1d:f8
[   13.716450] e1000 0000:00:08.0 eth1: Intel(R) PRO/1000 Network Connection
[   13.723036] e1000 0000:00:03.0 enp0s3: renamed from eth0
[   13.741203] e1000 0000:00:08.0 enp0s8: renamed from eth1
Begin: Loading e[   15.059462] md: linear personality registered for level -1
ssential drivers ... [   15.096689] md: multipath personality registered for level -4
[   15.102024] md: raid0 personality registered for level 0
[   15.107033] md: raid1 personality registered for level 1
[   15.180682] raid6: sse2x1   gen()  9728 MB/s
[   15.248648] raid6: sse2x1   xor()  7279 MB/s
[   15.316651] raid6: sse2x2   gen() 11782 MB/s
[   15.388592] raid6: sse2x2   xor()  7763 MB/s
[   15.456538] raid6: sse2x4   gen() 13434 MB/s
[   15.528535] raid6: sse2x4   xor()  2163 MB/s
[   15.600450] raid6: avx2x1   gen() 17400 MB/s
[   15.672447] raid6: avx2x2   gen() 21231 MB/s
[   15.748456] raid6: avx2x4   gen() 23786 MB/s
[   15.754270] raid6: using algorithm avx2x4 gen() 23786 MB/s
[   15.777707] raid6: using avx2x2 recovery algorithm
[   15.780941] xor: automatically using best checksumming function:
[   15.836692]    avx       : 36527.000 MB/sec
[   15.859362] async_tx: api initialized (async)
[   15.870164] md: raid6 personality registered for level 6
[   15.882031] md: raid5 personality registered for level 5
[   15.883910] md: raid4 personality registered for level 4
[   15.906420] md: raid10 personality registered for level 10
done.
Begin: Running /scripts/init-premount ... done.
Begin: Mounting root file system ... Begin: Running /scripts/local-top ..[   15.961501] Btrfs loaded
. done.
Begin: Running /scripts/local-premount [   16.001447] EXT4-fs (sda1): INFO: recovery required on readonly filesystem
... Scanning for[   16.025108] EXT4-fs (sda1): write access will be enabled during recovery
 Btrfs filesystems
done.
Warning: fsck not present, so skipping root file system
[   16.296080] EXT4-fs (sda1): orphan cleanup on readonly fs
[   16.426787] EXT4-fs (sda1): 5 orphan inodes deleted
[   16.517822] EXT4-fs (sda1): recovery complete
[   16.521569] EXT4-fs (sda1): mounted filesystem with ordered data mode. Opts: (null)
done.
Begin: Running /scripts/local-bottom ... done.
Begin: Running /scripts/init-bottom ... done.
[   16.664656] systemd[1]: systemd 229 running in system mode. (+PAM +AUDIT +SELINUX +IMA +APPARMOR +SMACK +SYSVINIT +UTMP +LIBCRYPTSETUP +GCRYPT +GNUTLS +ACL +XZ -LZ4 +SECCOMP +BLKID +ELFUTILS +KMOD -IDN)
[   16.681065] systemd[1]: Detected virtualization oracle.
[   16.690253] systemd[1]: Detected architecture x86-64.

Welcome to [1mUbuntu 16.04.4 LTS[0m!

[   16.729925] systemd[1]: Set hostname to <ubuntu-xenial>.
[   16.816546] random: nonblocking pool is initialized
[   16.908136] systemd[1]: Listening on Device-mapper event daemon FIFOs.
[[0;32m  OK  [0m] Listening on Device-mapper event daemon FIFOs.
[   16.923551] systemd[1]: Reached target Encrypted Volumes.
[[0;32m  OK  [0m] Reached target Encrypted Volumes.
[   16.957570] systemd[1]: Listening on Journal Socket (/dev/log).
[[0;32m  OK  [0m] Listening on Journal Socket (/dev/log).
[   16.993656] systemd[1]: Set up automount Arbitrary Executable File Formats File System Automount Point.
[[0;32m  OK  [0m] Set up automount Arbitrary Executab...ats File System Automount Point.
[   17.014983] systemd[1]: Listening on Journal Socket.
[[0;32m  OK  [0m] Listening on Journal Socket.
[   17.026999] systemd[1]: Started Trigger resolvconf update for networkd DNS.
[[0;32m  OK  [0m] Started Trigger resolvconf update for networkd DNS.
[   17.043226] systemd[1]: Created slice User and Session Slice.
[[0;32m  OK  [0m] Created slice User and Session Slice.
[   17.117243] systemd[1]: Listening on Syslog Socket.
[[0;32m  OK  [0m] Listening on Syslog Socket.
[   17.128661] systemd[1]: Started Forward Password Requests to Wall Directory Watch.
[[0;32m  OK  [0m] Started Forward Password Requests to Wall Directory Watch.
[   17.185074] systemd[1]: Reached target User and Group Name Lookups.
[[0;32m  OK  [0m] Reached target User and Group Name Lookups.
[   17.220539] systemd[1]: Listening on udev Control Socket.
[[0;32m  OK  [0m] Listening on udev Control Socket.
[   17.226262] systemd[1]: Listening on Journal Audit Socket.
[[0;32m  OK  [0m] Listening on Journal Audit Socket.
[   17.230605] systemd[1]: Reached target Swap.
[[0;32m  OK  [0m] Reached target Swap.
[   17.253744] systemd[1]: Listening on LVM2 poll daemon socket.
[[0;32m  OK  [0m] Listening on LVM2 poll daemon socket.
[   17.280927] systemd[1]: Reached target System Time Synchronized.
[[0;32m  OK  [0m] Reached target System Time Synchronized.
[   17.301226] systemd[1]: Listening on /dev/initctl Compatibility Named Pipe.
[[0;32m  OK  [0m] Listening on /dev/initctl Compatibility Named Pipe.
[   17.338158] systemd[1]: Listening on udev Kernel Socket.
[[0;32m  OK  [0m] Listening on udev Kernel Socket.
[   17.355079] systemd[1]: Listening on LVM2 metadata daemon socket.
[[0;32m  OK  [0m] Listening on LVM2 metadata daemon socket.
[   17.359458] systemd[1]: Created slice System Slice.
[[0;32m  OK  [0m] Created slice System Slice.
[   17.397337] systemd[1]: Mounting Huge Pages File System...
         Mounting Huge Pages File System...
[   17.408091] systemd[1]: Starting Journal Service...
         Starting Journal Service...
[   17.421537] systemd[1]: Starting Nameserver information manager...
         Starting Nameserver information manager...
[   17.435512] systemd[1]: Starting Load Kernel Modules...
         Starting Load Kernel Modules...
[   17.443457] systemd[1]: Created slice system-serial\x2dgetty.slice.
[[0;32m  OK  [0m] Created slice system-serial\[   17.452300] Loading iSCSI transport class v2.0-870.
x2dgetty.slice.
[   17.457181] systemd[1]: Starting Remount Root and Kernel File Systems...
         Starting Remount Root and Kernel File Systems...
[   17.466953] systemd[1]: Starting Monitoring of LVM2 mirrors, snapshots etc. using dmeventd or progress polling...
[   17.470887] iscsi: registered transpor (cp
[   17.542743] EXT4-fs (sda1): re-mounted. Opts: (null)
         Starting Monitoring of LVM2 mirrors... dmeventd or progress polling...
[   17.577027] systemd[1]: Mounting Debug File System...
         Mounting Debug File System...
[   17.582391] systemd[1]: Starting Uncomplicated firewall...
         Starting Uncomplicated firewall...
[   17.593377] systemd[1]: Mounting POSIX Message Queue File System...
         Mounting POSIX Message Queue File System...
[   17.625856] iscsi: registered transport (iser)
[   17.629058] systemd[1]: Starting Create list of required static device nodes for the current kernel...
         Starting Create list of required st... nodes for the current kernel...
[   17.681554] systemd[1]: Reached target Slices.
[[0;32m  OK  [0m] Reached target Slices.
[   17.704901] systemd[1]: Starting Set console keymap...
         Starting Set console keymap...
[   17.715526] systemd[1]: Mounted POSIX Message Queue File System.
[[0;32m  OK  [0m] Mounted POSIX Message Queue File System.
[   17.727060] systemd[1]: Mounted Huge Pages File System.
[[0;32m  OK  [0m] Mounted Huge Pages File System.
[   17.735141] systemd[1]: Mounted Debug File System.
[[0;32m  OK  [0m] Mounted Debug File System.
[   17.752159] systemd[1]: Started Journal Service.
[[0;32m  OK  [0m] Started Journal Service.
[[0;32m  OK  [0m] Started Load Kernel Modules.
[[0;32m  OK  [0m] Started Remount Root and Kernel File Systems.
[[0;32m  OK  [0m] Started Uncomplicated firewall.
[[0;32m  OK  [0m] Started Create list of required sta...ce nodes for the current kernel.
[[0;32m  OK  [0m] Started Set console keymap.
[[0;32m  OK  [0m] Started Nameserver information manager.
[[0;32m  OK  [0m] Started LVM2 metadata daemon.
         Starting Create Static Device Nodes in /dev...
         Starting Load/Save Random Seed...
         Starting udev Coldplug all Devices...
         Mounting FUSE Control File System...
         Starting Apply Kernel Variables...
         Starting Flush Journal to Persistent Storage...
[[0;32m  OK  [0m] Mounted FUSE Control File System.
[[0;32m  OK  [0m] Started Create Static Device Nodes in /dev.
[[0;32m  OK  [0m] Started Load/Save Random Seed.
[[0;32m  OK  [0m] Started Apply Kernel Variables.
[[0;32m  OK  [0m] Started udev Coldplug all Devices.
[[0;32m  OK  [0m] Started Flush Journal to Persistent Storage.
         Starting udev Kernel Device Manager...
[[0;32m  OK  [0m] Started udev Kernel Device Manager.
[[0;32m  OK  [0m] Started Dispatch Password Requests to Console Directory Watch.
[[0;32m  OK  [0m] Found device /dev/ttyS0.
[[0;32m  OK  [0m] Started Monitoring of LVM2 mirrors,...ng dmeventd or progress polling.
[[0;32m  OK  [0m] Reached target Local File Systems (Pre).
[[0;32m  OK  [0m] Reached target Local File Systems.
         Starting Initial cloud-init job (pre-networking)...
         Starting Tell Plymouth To Write Out Runtime Data...
         Starting Create Volatile Files and Directories...
         Starting Set console font and keymap...
         Starting LSB: AppArmor initialization...
[[0;32m  OK  [0m] Started Tell Plymouth To Write Out Runtime Data.
[[0;32m  OK  [0m] Started Create Volatile Files and Directories.
[[0;32m  OK  [0m] Listening on Load/Save RF Kill Switch Status /dev/rfkill Watch.
         Starting Update UTMP about System Boot/Shutdown...
[   14.878124] [cloud-init[0;32m  OK  [0m[557]: ] Cloud-init v. 18.2 running 'init-local' at Mon, 06 Aug 2018 11:46:40 +0000. Up 14.61 seconds.Started LSB: AppArmor initialization.

[[0;32m  OK  [0m] Started Initial cloud-init job (pre-networking).
[[0;32m  OK  [0m] Started Set console font and keymap.
[[0;32m  OK  [0m] Found device 82540EM Gigabit Ethern...r (PRO/1000 MT Desktop Adapter).
[[0;32m  OK  [0m] Found device 82540EM Gigabit Ethern...r (PRO/1000 MT Desktop Adapter).
[[0;32m  OK  [0m] Started Update UTMP about System Boot/Shutdown.
[[0;32m  OK  [0m] Created slice system-getty.slice.
[[0;32m  OK  [0m] Reached target Network (Pre).
[[0;32m  OK  [0m] Started ifup for enp0s8.
[[0;32m  OK  [0m] Started ifup for enp0s3.
         Starting Raise network interfaces...
[[0;32m  OK  [0m] Started Raise network interfaces.
         Starting Initial cloud-init job (metadata service crawler)...
[[0;32m  OK  [0m] Reached target Network.
[   15.908739] cloud-init[1090]: Cloud-init v. 18.2 running 'init' at Mon, 06 Aug 2018 11:46:41 +0000. Up 15.62 seconds.
[   15.913501] cloud-init[1090]: ci-info: ++++++++++++++++++++++++++++++++++++++Net device info++++++++++++++++++++++++++++++++++++++
[   15.918644] cloud-init[1090]: ci-info: +--------+------+-----------------------------+---------------+-------+-------------------+
[   15.923566] cloud-init[1090]: ci-info: | Device |  Up  |           Address           |      Mask     | Scope |     Hw-Address    |
[   15.928647] cloud-init[1090]: ci-info: +--------+------+-----------------------------+---------------+-------+-------------------+
[   15.933398] cloud-init[1090]: ci-info: | enp0s3 | True |          10.0.2.15          | 255.255.255.0 |   .   | 02:2e:d6:ba:66:f8 |
[   15.938743] cloud-init[1090]: ci-info: | enp0s3 | True |  fe80::2e:d6ff:feba:66f8/64 |       .       |  link | 02:2e:d6:ba:66:f8 |
[   15.944664] cloud-init[1090]: ci-info: | enp0s8 | True |        192.168.10.55        | 255.255.255.0 |   .   | 08:00:27:8f:1d:f8 |
[   15.956366] cloud-init[1090]: ci-info: | enp0s8 | True | fe80::a00:27ff:fe8f:1df8/64 |       .       |  link | 08:00:27:8f:1d:f8 |[[0;32m  OK  [0m] Started Initial cloud-init job (metadata service crawler).
[[0;32m  OK  [0m] Reached target Network is Online.

[   15.973979]          Starting iSCSI initiator daemon (iscsid)...
[cloud-init[0;32m  OK  [0m[1090]: ] ci-info: |   lo   | True |          127.0.0.1          |   255.0.0.0   |   .   |         .         |Reached target System Initialization.

         Starting LXD - unix socket.
[   15.975821] cloud-init[1090]: ci-info: |   lo   | True |           ::1/128           |       .       |  host |         .         |
[   16.060909] [[0;32m  OK  [0m] Started ACPI Events Check.
[cloud-init[0;32m  OK  [0m[1090]: ] ci-info: +--------+------+-----------------------------+---------------+-------+-------------------+Reached target Paths.

[[0;32m  OK  [0m] Listening on UUID daemon activation socket.
[[   16.063384] [0;32m  OK  [0mcloud-init] [1090]: Started Daily Cleanup of Temporary Directories.ci-info: ++++++++++++++++++++++++++++Route IPv4 info++++++++++++++++++++++++++++

[   16.194226] [[0;32m  OK  [0m] Listening on D-Bus System Message Bus Socket.
cloud-init[1090]: ci-info: +-------+--------------+----------+---------------+-----------+-------+
[   16.256706] [[0;32m  OK  [0m] Started Daily apt download activities.
         Starting Socket activation for snappy daemon.
cloud-init[1090]: ci-info: | Route | Destination  | Gateway  |    Genmask    | Interface | Flags |
[[0;32m  OK  [0m] Started Daily apt upgrade and clean activities.
[[0;32m  OK  [0m] Reached target Timers.
[[0;32m  OK  [0m] Listening on ACPID Listen Socket.
[   16.258729] cloud-init[1090]: ci-info: +-------+--------------+----------+---------------+-----------+-------+
[   16.324200] [[0;32m  OK  [0m] Reached target Cloud-config availability.
cloud-init[1090]: ci-info: |   0   |   0.0.0.0    | 10.0.2.2 |    0.0.0.0    |   enp0s3  |   UG  |
[   16.332364] cloud-init[1090]: ci-info: |   1   |   10.0.2.0   | 0.0.0.0  | 255.255.255.0 |   enp0s3  |   U   |
[   16.336590] cloud-init[1090]: ci-info: |   2   | 192.168.10.0 | 0.0.0.0  | 255.255.255.0 |   enp0s8  |   U   |
[   16.350334] [[0;32m  OK  [0m] Listening on LXD - unix socket.
[[0;32m  OK  [0m] Listening on Socket activation for snappy daemon.
[[0;32m  OK  [0m] Started iSCSI initiator daemon (iscsid).
cloud-init[1090]: ci-info: +-------+--------------+----------+---------------+-----------+-------+
         Starting Login to default iSCSI targets...
[[0;32m  OK  [0m] Reached target Sockets.
[[0;32m  OK  [0m] Reached target Basic System.
         Starting MySQL Community Server...
[[0;32m  OK  [0m] Started Regular background program processing daemon.
         Starting Snappy daemon...
         Starting LSB: MD monitoring daemon...
         Starting /etc/rc.local Compatibility...
         Starting Apply the settings specified in cloud-config...
         Starting Login Service...
         Starting Accounts Service...
         Starting Virtualbox guest utils...
[[0;32m  OK  [0m] Started ACPI event daemon.
[[0;32m  OK  [0m] Started D-Bus System Message Bus.
[[0;32m  OK  [0m] Started Unattended Upgrades Shutdown.
         Starting OpenBSD Secure Shell server...
[[0;32m  OK  [0m] Started FUSE filesystem for LXC.
         Starting System Logging Service...
         Starting LSB: Record successful boot for GRUB...
[[0;32m  OK  [0m] Started Deferred execution scheduler.
         Starting LXD - container startup/shutdown...
[[0;32m  OK  [0m] Started OpenBSD Secure Shell server.
[[0;32m  OK  [0m] Started System Logging Service.
[[0;32m  OK  [0m] Started Snappy daemon.
[[0;32m  OK  [0m] Started /etc/rc.local Compatibility.
[[0;32m  OK  [0m] Started Login to default iSCSI targets.
[[0;32m  OK  [0m] Started LSB: MD monitoring daemon.
[[0;32m  OK  [0m] Started LXD - container startup/shutdown.
[[0;32m  OK  [0m] Started LSB: Record successful boot for GRUB.
[[0;32m  OK  [0m] Started Login Service.
         Starting Authenticate and Authorize Users to Run Privileged Tasks...
[[0;32m  OK  [0m] Reached target Remote File Systems (Pre).
[[0;32m  OK  [0m] Reached target Remote File Systems.
         Starting LSB: Set the CPU Frequency Scaling governor to "ondemand"...
         Starting LSB: daemon to balance interrupts for SMP systems...
         Starting LSB: automatic crash report generation...
         Starting Permit User Sessions...
         Starting Wait until snapd is fully seeded...
[[0;32m  OK  [0m] Started Virtualbox guest utils.
[[0;32m  OK  [0m] Started Permit User Sessions.
[[0;32m  OK  [0m] Started Authenticate and Authorize Users to Run Privileged Tasks.
[[0;32m  OK  [0m] Started Wait until snapd is fully seeded.
[[0;32m  OK  [0m] Started Accounts Service.
         Starting Terminate Plymouth Boot Screen...
         Starting Hold until boot process finishes up...
[[0;32m  OK  [0m] Started LSB: Set the CPU Frequency Scaling governor to "ondemand".
[[0;32m  OK  [0m] Started LSB: automatic crash report generation.
[[0;32m  OK  [0m] Started LSB: daemon to balance interrupts for SMP systems.
[[0;32m  OK  [0m] Started Terminate Plymouth Boot Screen.
[[0;32m  OK  [0m] Started Hold until boot process finishes up.
[[0;32m  OK  [0m] Started Getty on tty1.
[[0;32m  OK  [0m] Started Serial Getty on ttyS0.
[[0;32m  OK  [0m] Reached target Login Prompts.
         Starting Set console scheme...
[[0;32m  OK  [0m] Started Set console scheme.
[   17.634073] cloud-init[1168]: Cloud-init v. 18.2 running 'modules:config' at Mon, 06 Aug 2018 11:46:42 +0000. Up 17.35 seconds.
[[0;32m  OK  [0m] Started Apply the settings specified in cloud-config.
[[0;32m  OK  [0m] Started MySQL Community Server.
[[0;32m  OK  [0m] Reached target Multi-User System.
[[0;32m  OK  [0m] Reached target Graphical Interface.
         Starting Execute cloud user/final scripts...
         Starting Update UTMP about System Runlevel Changes...
[[0;32m  OK  [0m] Started Update UTMP about System Runlevel Changes.
[   19.359958] cloud-init[1372]: Cloud-init v. 18.2 running 'modules:final' at Mon, 06 Aug 2018 11:46:44 +0000. Up 19.24 seconds.
[   19.409315] cloud-init[1372]: Cloud-init v. 18.2 finished at Mon, 06 Aug 2018 11:46:44 +0000. Datasource DataSourceNoCloud [seed=/dev/sdb][dsmode=net].  Up 19.35 seconds
[[0;32m  OK  [0m] Started Execute cloud user/final scripts.
[[0;32m  OK  [0m] Reached target Cloud-init target.
         Starting Daily apt download activities...

Ubuntu 16.04.4 LTS ubuntu-xenial ttyS0

ubuntu-xenial login: 